[2025-02-05 18:31:36][INFO] 🔧 Configured for [4mdebug[0m.
[2025-02-05 18:31:36][INFO] address: [1;39m127.0.0.1[0m
[2025-02-05 18:31:36][INFO] port: [1;39m8000[0m
[2025-02-05 18:31:36][INFO] workers: [1;39m8[0m
[2025-02-05 18:31:36][INFO] max blocking threads: [1;39m512[0m
[2025-02-05 18:31:36][INFO] ident: [1;39mRocket[0m
[2025-02-05 18:31:36][INFO] IP header: [1;39mX-Real-IP[0m
[2025-02-05 18:31:36][INFO] limits: [1;39mbytes = 8KiB, data-form = 2MiB, file = 1MiB, form = 32KiB, json = 1MiB, msgpack = 1MiB, string = 8KiB[0m
[2025-02-05 18:31:36][INFO] temp dir: [1;39m/tmp[0m
[2025-02-05 18:31:36][INFO] http/2: [1;39mtrue[0m
[2025-02-05 18:31:36][INFO] keep-alive: [1;39m5[0m[1;39ms[0m
[2025-02-05 18:31:36][INFO] tls: [1;39mdisabled[0m
[2025-02-05 18:31:36][INFO] shutdown: [1;39mctrlc = true, force = true, signals = [SIGTERM], grace = 2s, mercy = 3s[0m
[2025-02-05 18:31:36][INFO] log level: [1;39mnormal[0m
[2025-02-05 18:31:36][INFO] cli colors: [1;39mtrue[0m
[2025-02-05 18:31:36][INFO] 📬 [35mRoutes[0m:
[2025-02-05 18:31:36][INFO] [36m([0m[39mhandle_post[0m[36m)[0m [32mPOST[0m [34m/handle-post[0m
[2025-02-05 18:31:36][INFO] [36m([0m[39moptions[0m[36m)[0m [32mOPTIONS[0m [34m/handle-post[0m
[2025-02-05 18:31:36][INFO] [36m([0m[39mFileServer: keys[0m[36m)[0m [32mGET[0m [4;34m/public[0m[34m/<path..>[0m [[1;39m10[0m]
[2025-02-05 18:31:36][INFO] 📡 [35mFairings[0m:
[2025-02-05 18:31:36][INFO] [1;39mShield[0m ([1;34mliftoff, response, singleton[0m)
[2025-02-05 18:31:36][INFO] [1;39mCross-Origin-Resource-Sharing Fairing[0m ([1;34mresponse[0m)
[2025-02-05 18:31:36][INFO] 🛡️ [35mShield[0m:
[2025-02-05 18:31:36][INFO] X-Content-Type-Options: [39mnosniff[0m
[2025-02-05 18:31:36][INFO] X-Frame-Options: [39mSAMEORIGIN[0m
[2025-02-05 18:31:36][INFO] Permissions-Policy: [39minterest-cohort=()[0m
[2025-02-05 18:31:36][WARN] 🚀 [1;39mRocket has launched from [4mhttp://127.0.0.1:8000[0m
[2025-02-05 18:32:05][INFO] [32mOPTIONS[0m [34m/handle-post/[0m:
[2025-02-05 18:32:05][INFO] Matched: [36m([0m[39moptions[0m[36m)[0m [32mOPTIONS[0m [34m/handle-post[0m
[2025-02-05 18:32:05][INFO] [1;39mOutcome: [0m[32mSuccess[0m([39m200 OK[0m)
[2025-02-05 18:32:05][INFO] [32mResponse succeeded.[0m
[2025-02-05 18:32:05][INFO] [32mPOST[0m [34m/handle-post/[0m [33mapplication/json[0m:
[2025-02-05 18:32:05][INFO] Matched: [36m([0m[39mhandle_post[0m[36m)[0m [32mPOST[0m [34m/handle-post[0m
[2025-02-05 18:32:06][INFO] Certificate generated for nitingr.03@gmail.com: type=User, principals=["host1", "host2"]
[2025-02-05 18:32:06][INFO] [1;39mOutcome: [0m[32mSuccess[0m([39m200 OK[0m)
[2025-02-05 18:32:06][INFO] [32mResponse succeeded.[0m
[2025-02-05 18:32:37][WARN] Received SIGINT. Requesting shutdown.
[2025-02-05 18:32:37][INFO] Shutdown requested. Waiting for pending I/O...
[2025-02-05 18:32:37][INFO] Graceful shutdown completed successfully.
